0 info it worked if it ends with ok
1 verbose cli [ '/Users/theo/.nvm/v0.10.33/bin/node',
1 verbose cli   '/Users/theo/.nvm/v0.10.33/bin/npm',
1 verbose cli   'publish' ]
2 info using npm@1.4.28
3 info using node@v0.10.33
4 verbose publish [ '.' ]
5 verbose cache add [ '.', null ]
6 verbose cache add name=undefined spec="." args=[".",null]
7 verbose parsed url { protocol: null,
7 verbose parsed url   slashes: null,
7 verbose parsed url   auth: null,
7 verbose parsed url   host: null,
7 verbose parsed url   port: null,
7 verbose parsed url   hostname: null,
7 verbose parsed url   hash: null,
7 verbose parsed url   search: null,
7 verbose parsed url   query: null,
7 verbose parsed url   pathname: '.',
7 verbose parsed url   path: '.',
7 verbose parsed url   href: '.' }
8 silly lockFile 3a52ce78- .
9 verbose lock . /Users/theo/.npm/3a52ce78-.lock
10 verbose tar pack [ '/Users/theo/.npm/generator-d3-starter-kit/0.0.0/package.tgz',
10 verbose tar pack   '.' ]
11 verbose tarball /Users/theo/.npm/generator-d3-starter-kit/0.0.0/package.tgz
12 verbose folder .
13 info prepublish generator-d3-starter-kit@0.0.0
14 silly lockFile 1f1177db-tar tar://.
15 verbose lock tar://. /Users/theo/.npm/1f1177db-tar.lock
16 silly lockFile 7fc5f31f-d3-starter-kit-0-0-0-package-tgz tar:///Users/theo/.npm/generator-d3-starter-kit/0.0.0/package.tgz
17 verbose lock tar:///Users/theo/.npm/generator-d3-starter-kit/0.0.0/package.tgz /Users/theo/.npm/7fc5f31f-d3-starter-kit-0-0-0-package-tgz.lock
18 silly lockFile 1f1177db-tar tar://.
19 silly lockFile 1f1177db-tar tar://.
20 silly lockFile 7fc5f31f-d3-starter-kit-0-0-0-package-tgz tar:///Users/theo/.npm/generator-d3-starter-kit/0.0.0/package.tgz
21 silly lockFile 7fc5f31f-d3-starter-kit-0-0-0-package-tgz tar:///Users/theo/.npm/generator-d3-starter-kit/0.0.0/package.tgz
22 silly lockFile 5a2b0126-tor-d3-starter-kit-0-0-0-package /Users/theo/.npm/generator-d3-starter-kit/0.0.0/package
23 verbose lock /Users/theo/.npm/generator-d3-starter-kit/0.0.0/package /Users/theo/.npm/5a2b0126-tor-d3-starter-kit-0-0-0-package.lock
24 silly lockFile 5a2b0126-tor-d3-starter-kit-0-0-0-package /Users/theo/.npm/generator-d3-starter-kit/0.0.0/package
25 silly lockFile 5a2b0126-tor-d3-starter-kit-0-0-0-package /Users/theo/.npm/generator-d3-starter-kit/0.0.0/package
26 silly lockFile 3a52ce78- .
27 silly lockFile 3a52ce78- .
28 silly publish { name: 'generator-d3-starter-kit',
28 silly publish   version: '0.0.0',
28 silly publish   description: 'Yeoman generator',
28 silly publish   license: 'MIT',
28 silly publish   main: 'app/index.js',
28 silly publish   repository:
28 silly publish    { type: 'git',
28 silly publish      url: 'https://github.com/FuriKuri/generator-d3-starter-kit' },
28 silly publish   author:
28 silly publish    { name: 'Theo Pack',
28 silly publish      email: 'tf.pack@gmail.com',
28 silly publish      url: 'https://github.com/FuriKuri' },
28 silly publish   engines: { node: '>=0.10.0' },
28 silly publish   scripts: { test: 'mocha' },
28 silly publish   files: [ 'app' ],
28 silly publish   keywords: [ 'yeoman-generator' ],
28 silly publish   dependencies:
28 silly publish    { 'yeoman-generator': '^0.18.0',
28 silly publish      chalk: '^0.5.0',
28 silly publish      yosay: '^0.3.0' },
28 silly publish   devDependencies: { mocha: '*' },
28 silly publish   peerDependencies: { yo: '>=1.0.0' },
28 silly publish   readme: '# generator-d3-starter-kit [![Build Status](https://secure.travis-ci.org/FuriKuri/generator-d3-starter-kit.png?branch=master)](https://travis-ci.org/FuriKuri/generator-d3-starter-kit)\n\n> [Yeoman](http://yeoman.io) generator\n\n\n## Getting Started\n\n### What is Yeoman?\n\nTrick question. It\'s not a thing. It\'s this guy:\n\n![](http://i.imgur.com/JHaAlBJ.png)\n\nBasically, he wears a top hat, lives in your computer, and waits for you to tell him what kind of application you wish to create.\n\nNot every new computer comes with a Yeoman pre-installed. He lives in the [npm](https://npmjs.org) package repository. You only have to ask for him once, then he packs up and moves into your hard drive. *Make sure you clean up, he likes new and shiny things.*\n\n```bash\nnpm install -g yo\n```\n\n### Yeoman Generators\n\nYeoman travels light. He didn\'t pack any generators when he moved in. You can think of a generator like a plug-in. You get to choose what type of application you wish to create, such as a Backbone application or even a Chrome extension.\n\nTo install generator-d3-starter-kit from npm, run:\n\n```bash\nnpm install -g generator-d3-starter-kit\n```\n\nFinally, initiate the generator:\n\n```bash\nyo d3-starter-kit\n```\n\n### Getting To Know Yeoman\n\nYeoman has a heart of gold. He\'s a person with feelings and opinions, but he\'s very easy to work with. If you think he\'s too opinionated, he can be easily convinced.\n\nIf you\'d like to get to know Yeoman better and meet some of his friends, [Grunt](http://gruntjs.com) and [Bower](http://bower.io), check out the complete [Getting Started Guide](https://github.com/yeoman/yeoman/wiki/Getting-Started).\n\n\n## License\n\nMIT\n',
28 silly publish   readmeFilename: 'README.md',
28 silly publish   gitHead: 'ede732f3515525c15b9dff6a941b7056749e55f1',
28 silly publish   bugs: { url: 'https://github.com/FuriKuri/generator-d3-starter-kit/issues' },
28 silly publish   homepage: 'https://github.com/FuriKuri/generator-d3-starter-kit',
28 silly publish   _id: 'generator-d3-starter-kit@0.0.0',
28 silly publish   _shasum: '1e4c818b5b6c1b96ca36048651f53f8326669909',
28 silly publish   _from: '.' }
29 verbose request where is /generator-d3-starter-kit
30 verbose request registry https://registry.npmjs.org/
31 verbose request id 535d4b67ea7cd741
32 verbose url raw /generator-d3-starter-kit
33 verbose url resolving [ 'https://registry.npmjs.org/', './generator-d3-starter-kit' ]
34 verbose url resolved https://registry.npmjs.org/generator-d3-starter-kit
35 verbose request where is https://registry.npmjs.org/generator-d3-starter-kit
36 info trying registry request attempt 1 at 11:39:49
37 http PUT https://registry.npmjs.org/generator-d3-starter-kit
38 http 403 https://registry.npmjs.org/generator-d3-starter-kit
39 verbose headers { date: 'Sun, 18 Jan 2015 10:39:50 GMT',
39 verbose headers   server: 'CouchDB/1.5.0 (Erlang OTP/R16B03)',
39 verbose headers   'content-type': 'application/json',
39 verbose headers   'cache-control': 'max-age=60',
39 verbose headers   'content-length': '4707',
39 verbose headers   'accept-ranges': 'bytes',
39 verbose headers   via: '1.1 varnish',
39 verbose headers   'x-served-by': 'cache-fra1240-FRA',
39 verbose headers   'x-cache': 'MISS',
39 verbose headers   'x-cache-hits': '0',
39 verbose headers   'x-timer': 'S1421577589.498362,VS0,VE842',
39 verbose headers   'keep-alive': 'timeout=10, max=50',
39 verbose headers   connection: 'Keep-Alive' }
40 error publish Failed PUT 403
41 error Error: forbidden cannot modify pre-existing version: 0.0.0
41 error old={"name":"generator-d3-starter-kit","version":"0.0.0","description":"Yeoman generator","license":"MIT","main":"app/index.js","repository":{"type":"git","url":"https://github.com/FuriKuri/generator-d3-starter-kit"},"author":{"name":"Theo Pack","email":"tf.pack@gmail.com","url":"https://github.com/FuriKuri"},"engines":{"node":">=0.10.0"},"scripts":{"test":"mocha"},"files":["app"],"keywords":["yeoman-generator"],"dependencies":{"yeoman-generator":"^0.18.0","chalk":"^0.5.0","yosay":"^0.3.0"},"devDependencies":{"mocha":"*"},"peerDependencies":{"yo":">=1.0.0"},"gitHead":"541b86d178e6338646138051290d76d67756baf0","bugs":{"url":"https://github.com/FuriKuri/generator-d3-starter-kit/issues"},"homepage":"https://github.com/FuriKuri/generator-d3-starter-kit","_id":"generator-d3-starter-kit@0.0.0","_shasum":"c8e831345eca84ea5949a02ced3192f3344439f2","_from":".","_npmVersion":"1.4.28","_npmUser":{"name":"furikuri","email":"tf.pack@gmail.com"},"maintainers":[{"name":"furikuri","email":"tf.pack@gmail.com"}],"dist":{"shasum":"c8e831345eca84ea5949a02ced3192f3344439f2","tarball":"http://registry.npmjs.org/generator-d3-starter-kit/-/generator-d3-starter-kit-0.0.0.tgz"}}
41 error new={"name":"generator-d3-starter-kit","version":"0.0.0","description":"Yeoman generator","license":"MIT","main":"app/index.js","repository":{"type":"git","url":"https://github.com/FuriKuri/generator-d3-starter-kit"},"author":{"name":"Theo Pack","email":"tf.pack@gmail.com","url":"https://github.com/FuriKuri"},"engines":{"node":">=0.10.0"},"scripts":{"test":"mocha"},"files":["app"],"keywords":["yeoman-generator"],"dependencies":{"yeoman-generator":"^0.18.0","chalk":"^0.5.0","yosay":"^0.3.0"},"devDependencies":{"mocha":"*"},"peerDependencies":{"yo":">=1.0.0"},"readme":"# generator-d3-starter-kit [![Build Status](https://secure.travis-ci.org/FuriKuri/generator-d3-starter-kit.png?branch=master)](https://travis-ci.org/FuriKuri/generator-d3-starter-kit)\u000a\u000a> [Yeoman](http://yeoman.io) generator\u000a\u000a\u000a## Getting Started\u000a\u000a### What is Yeoman?\u000a\u000aTrick question. It's not a thing. It's this guy:\u000a\u000a![](http://i.imgur.com/JHaAlBJ.png)\u000a\u000aBasically, he wears a top hat, lives in your computer, and waits for you to tell him what kind of application you wish to create.\u000a\u000aNot every new computer comes with a Yeoman pre-installed. He lives in the [npm](https://npmjs.org) package repository. You only have to ask for him once, then he packs up and moves into your hard drive. *Make sure you clean up, he likes new and shiny things.*\u000a\u000a```bash\u000anpm install -g yo\u000a```\u000a\u000a### Yeoman Generators\u000a\u000aYeoman travels light. He didn't pack any generators when he moved in. You can think of a generator like a plug-in. You get to choose what type of application you wish to create, such as a Backbone application or even a Chrome extension.\u000a\u000aTo install generator-d3-starter-kit from npm, run:\u000a\u000a```bash\u000anpm install -g generator-d3-starter-kit\u000a```\u000a\u000aFinally, initiate the generator:\u000a\u000a```bash\u000ayo d3-starter-kit\u000a```\u000a\u000a### Getting To Know Yeoman\u000a\u000aYeoman has a heart of gold. He's a person with feelings and opinions, but he's very easy to work with. If you think he's too opinionated, he can be easily convinced.\u000a\u000aIf you'd like to get to know Yeoman better and meet some of his friends, [Grunt](http://gruntjs.com) and [Bower](http://bower.io), check out the complete [Getting Started Guide](https://github.com/yeoman/yeoman/wiki/Getting-Started).\u000a\u000a\u000a## License\u000a\u000aMIT\u000a","readmeFilename":"README.md","gitHead":"ede732f3515525c15b9dff6a941b7056749e55f1","bugs":{"url":"https://github.com/FuriKuri/generator-d3-starter-kit/issues"},"homepage":"https://github.com/FuriKuri/generator-d3-starter-kit","_id":"generator-d3-starter-kit@0.0.0","_shasum":"1e4c818b5b6c1b96ca36048651f53f8326669909","_from":".","_npmVersion":"1.4.28","_npmUser":{"name":"furikuri","email":"tf.pack@gmail.com"},"maintainers":[{"name":"furikuri","email":"tf.pack@gmail.com"}],"dist":{"shasum":"1e4c818b5b6c1b96ca36048651f53f8326669909","tarball":"http://registry.npmjs.org/generator-d3-starter-kit/-/generator-d3-starter-kit-0.0.0.tgz"}}: generator-d3-starter-kit
41 error     at RegClient.<anonymous> (/Users/theo/.nvm/v0.10.33/lib/node_modules/npm/node_modules/npm-registry-client/lib/request.js:308:14)
41 error     at Request._callback (/Users/theo/.nvm/v0.10.33/lib/node_modules/npm/node_modules/npm-registry-client/lib/request.js:246:65)
41 error     at Request.self.callback (/Users/theo/.nvm/v0.10.33/lib/node_modules/npm/node_modules/request/request.js:236:22)
41 error     at Request.emit (events.js:98:17)
41 error     at Request.<anonymous> (/Users/theo/.nvm/v0.10.33/lib/node_modules/npm/node_modules/request/request.js:1142:14)
41 error     at Request.emit (events.js:117:20)
41 error     at IncomingMessage.<anonymous> (/Users/theo/.nvm/v0.10.33/lib/node_modules/npm/node_modules/request/request.js:1096:12)
41 error     at IncomingMessage.emit (events.js:117:20)
41 error     at _stream_readable.js:943:16
41 error     at process._tickCallback (node.js:419:13)
42 error If you need help, you may report this *entire* log,
42 error including the npm and node versions, at:
42 error     <http://github.com/npm/npm/issues>
43 error System Darwin 14.0.0
44 error command "/Users/theo/.nvm/v0.10.33/bin/node" "/Users/theo/.nvm/v0.10.33/bin/npm" "publish"
45 error cwd /Users/theo/GitProjects/generator-d3-starter-kit
46 error node -v v0.10.33
47 error npm -v 1.4.28
48 verbose exit [ 1, true ]
